Watching for file changes with StatReloader
Waiting for apps ready_event.
Apps ready_event triggered. Sending autoreload_started signal.
Watching dir C:\Users\ADMIN\my_django_project\shipping_site\shipping\templates with glob **/*.
Watching dir C:\Users\ADMIN\my_django_project\shipping_site\locale with glob **/*.mo.
Watching dir C:\Users\ADMIN\my_django_project\shipping_site\shipping\locale with glob **/*.mo.
File C:\Users\ADMIN\my_django_project\shipping_site\shipping\views.py first seen with mtime 1729501941.3897972
File C:\Users\ADMIN\my_django_project\shipping_site\shipping\apps.py first seen with mtime 1729257206.1072967
File C:\Users\ADMIN\my_django_project\venv\Lib\site-packages\django\forms\formsets.py first seen with mtime 1728609280.9768107
File C:\Users\ADMIN\AppData\Local\Programs\Python\Python313\Lib\lzma.py first seen with mtime 1728322008.0
File C:\Users\ADMIN\my_django_project\venv\Lib\site-packages\django\utils\version.py first seen with mtime 1728609281.5347788
File C:\Users\ADMIN\my_django_project\venv\Lib\site-packages\django\db\backends\ddl_references.py first seen with mtime 1728609280.3918471
File C:\Users\ADMIN\my_django_project\venv\Lib\site-packages\django\contrib\admin\views\__init__.py first seen with mtime 1728609266.5576744
File C:\Users\ADMIN\AppData\Local\Programs\Python\Python313\Lib\asyncio\base_futures.py first seen with mtime 1728322008.0
File C:\Users\ADMIN\AppData\Local\Programs\Python\Python313\Lib\copyreg.py first seen with mtime 1728322008.0
File C:\Users\ADMIN\my_django_project\venv\Lib\site-packages\django\contrib\admin\options.py first seen with mtime 1728609262.357925
File C:\Users\ADMIN\AppData\Local\Programs\Python\Python313\Lib\datetime.py first seen with mtime 1728322008.0
File C:\Users\ADMIN\my_django_project\shipping_site\shipping_site\__init__.py first seen with mtime 1729256585.2340095
File C:\Users\ADMIN\AppData\Local\Programs\Python\Python313\Lib\pathlib\__init__.py first seen with mtime 1728322008.0
File C:\Users\ADMIN\my_django_project\venv\Lib\site-packages\django\core\checks\model_checks.py first seen with mtime 1728609279.98187
File C:\Users\ADMIN\AppData\Local\Programs\Python\Python313\Lib\shutil.py first seen with mtime 1728322008.0
File C:\Users\ADMIN\my_django_project\venv\Lib\site-packages\django\utils\asyncio.py first seen with mtime 1728609281.4497838
File C:\Users\ADMIN\AppData\Local\Programs\Python\Python313\Lib\http\client.py first seen with mtime 1728322008.0
File C:\Users\ADMIN\my_django_project\venv\Lib\site-packages\django\templatetags\i18n.py first seen with mtime 1728609281.3777862
File C:\Users\ADMIN\AppData\Local\Programs\Python\Python313\Lib\textwrap.py first seen with mtime 1728322008.0
File C:\Users\ADMIN\AppData\Local\Programs\Python\Python313\Lib\logging\handlers.py first seen with mtime 1728322008.0
File C:\Users\ADMIN\my_django_project\venv\Lib\site-packages\django\apps\__init__.py first seen with mtime 1728609259.8710742
File C:\Users\ADMIN\AppData\Local\Programs\Python\Python313\Lib\asyncio\selector_events.py first seen with mtime 1728322008.0
File C:\Users\ADMIN\my_django_project\venv\Lib\site-packages\django\utils\autoreload.py first seen with mtime 1728609281.4507835
File C:\Users\ADMIN\my_django_project\venv\Lib\site-packages\django\db\models\constraints.py first seen with mtime 1728609280.8248193
File C:\Users\ADMIN\my_django_project\venv\Lib\site-packages\django\core\handlers\wsgi.py first seen with mtime 1728609280.067866
File C:\Users\ADMIN\AppData\Local\Programs\Python\Python313\Lib\bz2.py first seen with mtime 1728322008.0
File C:\Users\ADMIN\AppData\Local\Programs\Python\Python313\Lib\pathlib\_local.py first seen with mtime 1728322008.0
File C:\Users\ADMIN\my_django_project\venv\Lib\site-packages\django\core\management\commands\runserver.py first seen with mtime 1728609280.2578545
File C:\Users\ADMIN\my_django_project\venv\Lib\site-packages\django\utils\duration.py first seen with mtime 1728609281.4687822
File C:\Users\ADMIN\my_django_project\venv\Lib\site-packages\django\template\defaulttags.py first seen with mtime 1728609281.3047905
File C:\Users\ADMIN\my_django_project\venv\Lib\site-packages\django\core\checks\security\csrf.py first seen with mtime 1728609279.9948704
File C:\Users\ADMIN\AppData\Local\Programs\Python\Python313\DLLs\_wmi.pyd first seen with mtime 1728322046.0
File C:\Users\ADMIN\my_django_project\venv\Lib\site-packages\django\forms\boundfield.py first seen with mtime 1728609280.9698124
File C:\Users\ADMIN\AppData\Local\Programs\Python\Python313\Lib\pkgutil.py first seen with mtime 1728322008.0
File C:\Users\ADMIN\my_django_project\shipping_site\shipping\__init__.py first seen with mtime 1729257206.186278
File C:\Users\ADMIN\my_django_project\venv\Lib\site-packages\django\views\debug.py first seen with mtime 1728609281.5987728
File C:\Users\ADMIN\AppData\Local\Programs\Python\Python313\Lib\socketserver.py first seen with mtime 1728322008.0
File C:\Users\ADMIN\AppData\Local\Programs\Python\Python313\Lib\email\quoprimime.py first seen with mtime 1728322008.0
File C:\Users\ADMIN\my_django_project\venv\Lib\site-packages\django\template\loader_tags.py first seen with mtime 1728609281.3117912
File C:\Users\ADMIN\AppData\Local\Programs\Python\Python313\Lib\urllib\error.py first seen with mtime 1728322008.0
File C:\Users\ADMIN\my_django_project\venv\Lib\site-packages\django\contrib\auth\admin.py first seen with mtime 1728609267.9475913
File C:\Users\ADMIN\AppData\Local\Programs\Python\Python313\Lib\email\contentmanager.py first seen with mtime 1728322008.0
File C:\Users\ADMIN\my_django_project\venv\Lib\site-packages\sqlparse\filters\__init__.py first seen with mtime 1728609255.7853189
File C:\Users\ADMIN\AppData\Local\Programs\Python\Python313\Lib\json\encoder.py first seen with mtime 1728322008.0
File C:\Users\ADMIN\my_django_project\venv\Lib\site-packages\sqlparse\engine\grouping.py first seen with mtime 1728609255.7443204
File C:\Users\ADMIN\my_django_project\venv\Lib\site-packages\django\shortcuts.py first seen with mtime 1728609259.8690746
File C:\Users\ADMIN\my_django_project\venv\Lib\site-packages\django\db\models\sql\subqueries.py first seen with mtime 1728609280.9418142
File C:\Users\ADMIN\AppData\Local\Programs\Python\Python313\Lib\email\encoders.py first seen with mtime 1728322008.0
File C:\Users\ADMIN\my_django_project\venv\Lib\site-packages\django\contrib\auth\password_validation.py first seen with mtime 1728609267.9805877
File C:\Users\ADMIN\my_django_project\venv\Lib\site-packages\django\db\models\fields\json.py first seen with mtime 1728609280.8518195
File C:\Users\ADMIN\my_django_project\venv\Lib\site-packages\django\views\decorators\common.py first seen with mtime 1728609281.6097915
File C:\Users\ADMIN\my_django_project\venv\Lib\site-packages\django\contrib\sessions\middleware.py first seen with mtime 1728609277.092043
File C:\Users\ADMIN\AppData\Local\Programs\Python\Python313\DLLs\_asyncio.pyd first seen with mtime 1728322046.0
File C:\Users\ADMIN\AppData\Local\Programs\Python\Python313\Lib\http\__init__.py first seen with mtime 1728322008.0
File C:\Users\ADMIN\my_django_project\venv\Lib\site-packages\django\db\backends\base\validation.py first seen with mtime 1728609280.409845
File C:\Users\ADMIN\AppData\Local\Programs\Python\Python313\Lib\ssl.py first seen with mtime 1728322008.0
File C:\Users\ADMIN\my_django_project\venv\Lib\site-packages\django\contrib\auth\base_user.py first seen with mtime 1728609267.951591
File C:\Users\ADMIN\my_django_project\venv\Lib\site-packages\django\db\models\fields\related_lookups.py first seen with mtime 1728609280.915814
File C:\Users\ADMIN\AppData\Local\Programs\Python\Python313\Lib\encodings\aliases.py first seen with mtime 1728322008.0
File C:\Users\ADMIN\AppData\Local\Programs\Python\Python313\Lib\dis.py first seen with mtime 1728322008.0
File C:\Users\ADMIN\AppData\Local\Programs\Python\Python313\Lib\wsgiref\util.py first seen with mtime 1728322008.0
File C:\Users\ADMIN\my_django_project\venv\Lib\site-packages\django\http\response.py first seen with mtime 1728609281.235796
File C:\Users\ADMIN\AppData\Local\Programs\Python\Python313\Lib\signal.py first seen with mtime 1728322008.0
File C:\Users\ADMIN\my_django_project\venv\Lib\site-packages\django\contrib\contenttypes\management\__init__.py first seen with mtime 1728609270.4624403
File C:\Users\ADMIN\my_django_project\venv\Lib\site-packages\django\core\checks\compatibility\__init__.py first seen with mtime 1728609279.9888706
File C:\Users\ADMIN\my_django_project\venv\Lib\site-packages\django\contrib\contenttypes\models.py first seen with mtime 1728609269.4635005
File C:\Users\ADMIN\AppData\Local\Programs\Python\Python313\Lib\email\iterators.py first seen with mtime 1728322008.0
File C:\Users\ADMIN\my_django_project\venv\Lib\site-packages\django\utils\hashable.py first seen with mtime 1728609281.50678
File C:\Users\ADMIN\my_django_project\venv\Lib\site-packages\django\templatetags\__init__.py first seen with mtime 1728609281.3737872
File C:\Users\ADMIN\my_django_project\venv\Lib\site-packages\django\core\files\move.py first seen with mtime 1728609280.00487
File C:\Users\ADMIN\AppData\Local\Programs\Python\Python313\Lib\asyncio\base_events.py first seen with mtime 1728322008.0
File C:\Users\ADMIN\AppData\Local\Programs\Python\Python313\Lib\encodings\cp1252.py first seen with mtime 1728322008.0
File C:\Users\ADMIN\my_django_project\venv\Lib\site-packages\django\contrib\messages\__init__.py first seen with mtime 1728609274.750184
File C:\Users\ADMIN\AppData\Local\Programs\Python\Python313\Lib\nturl2path.py first seen with mtime 1728322008.0
File C:\Users\ADMIN\my_django_project\venv\Lib\site-packages\django\urls\converters.py first seen with mtime 1728609281.4387825
File C:\Users\ADMIN\my_django_project\venv\Lib\site-packages\django\contrib\messages\constants.py first seen with mtime 1728609274.7531853
File C:\Users\ADMIN\my_django_project\venv\Lib\site-packages\django\core\files\locks.py first seen with mtime 1728609280.00287
File C:\Users\ADMIN\AppData\Local\Programs\Python\Python313\DLLs\_ctypes.pyd first seen with mtime 1728322046.0
File C:\Users\ADMIN\my_django_project\venv\Lib\site-packages\django\views\defaults.py first seen with mtime 1728609281.5997727
File C:\Users\ADMIN\my_django_project\venv\Lib\site-packages\django\core\files\storage\filesystem.py first seen with mtime 1728609280.055867
File C:\Users\ADMIN\AppData\Local\Programs\Python\Python313\Lib\asyncio\mixins.py first seen with mtime 1728322008.0
File C:\Users\ADMIN\my_django_project\venv\Lib\site-packages\django\db\models\fields\generated.py first seen with mtime 1728609280.849819
File C:\Users\ADMIN\AppData\Local\Programs\Python\Python313\Lib\types.py first seen with mtime 1728322008.0
File C:\Users\ADMIN\AppData\Local\Programs\Python\Python313\Lib\html\entities.py first seen with mtime 1728322008.0
File C:\Users\ADMIN\my_django_project\venv\Lib\site-packages\django\contrib\admin\helpers.py first seen with mtime 1728609262.3549254
File C:\Users\ADMIN\my_django_project\venv\Lib\site-packages\django\core\serializers\python.py first seen with mtime 1728609280.2818525
File C:\Users\ADMIN\my_django_project\venv\Lib\site-packages\django\conf\locale\__init__.py first seen with mtime 1728609260.4120407
File C:\Users\ADMIN\my_django_project\venv\Lib\site-packages\django\core\checks\registry.py first seen with mtime 1728609279.9838715
File C:\Users\ADMIN\my_django_project\venv\Lib\site-packages\django\urls\exceptions.py first seen with mtime 1728609281.4417832
File C:\Users\ADMIN\AppData\Local\Programs\Python\Python313\Lib\email\message.py first seen with mtime 1728322008.0
File C:\Users\ADMIN\my_django_project\venv\Lib\site-packages\django\utils\timezone.py first seen with mtime 1728609281.5307767
File C:\Users\ADMIN\my_django_project\venv\Lib\site-packages\django\forms\__init__.py first seen with mtime 1728609280.9678116
File C:\Users\ADMIN\AppData\Local\Programs\Python\Python313\Lib\multiprocessing\process.py first seen with mtime 1728322008.0
File C:\Users\ADMIN\AppData\Local\Programs\Python\Python313\Lib\struct.py first seen with mtime 1728322008.0
File C:\Users\ADMIN\my_django_project\venv\Lib\site-packages\django\views\decorators\debug.py first seen with mtime 1728609281.6127734
File C:\Users\ADMIN\my_django_project\venv\Lib\site-packages\django\db\backends\sqlite3\schema.py first seen with mtime 1728609280.6578307
File C:\Users\ADMIN\my_django_project\venv\Lib\site-packages\django\utils\functional.py first seen with mtime 1728609281.5047803
File C:\Users\ADMIN\AppData\Local\Programs\Python\Python313\Lib\email\utils.py first seen with mtime 1728322008.0
File C:\Users\ADMIN\my_django_project\venv\Lib\site-packages\asgiref\current_thread_executor.py first seen with mtime 1728609258.4361608
File C:\Users\ADMIN\my_django_project\venv\Lib\site-packages\django\http\request.py first seen with mtime 1728609281.2347958
File C:\Users\ADMIN\AppData\Local\Programs\Python\Python313\Lib\asyncio\protocols.py first seen with mtime 1728322008.0
File C:\Users\ADMIN\AppData\Local\Programs\Python\Python313\DLLs\_hashlib.pyd first seen with mtime 1728322046.0
File C:\Users\ADMIN\my_django_project\venv\Lib\site-packages\asgiref\sync.py first seen with mtime 1728609258.4411604
File C:\Users\ADMIN\my_django_project\venv\Lib\site-packages\django\core\wsgi.py first seen with mtime 1728609279.8869102
File C:\Users\ADMIN\AppData\Local\Programs\Python\Python313\Lib\wsgiref\headers.py first seen with mtime 1728322008.0
File C:\Users\ADMIN\AppData\Local\Programs\Python\Python313\Lib\quopri.py first seen with mtime 1728322008.0
File C:\Users\ADMIN\AppData\Local\Programs\Python\Python313\DLLs\_bz2.pyd first seen with mtime 1728322046.0
File C:\Users\ADMIN\my_django_project\venv\Lib\site-packages\django\core\paginator.py first seen with mtime 1728609279.879877
File C:\Users\ADMIN\my_django_project\venv\Lib\site-packages\django\core\files\uploadhandler.py first seen with mtime 1728609280.0498657
File C:\Users\ADMIN\my_django_project\venv\Lib\site-packages\django\core\handlers\base.py first seen with mtime 1728609280.064865
File C:\Users\ADMIN\AppData\Local\Programs\Python\Python313\DLLs\_socket.pyd first seen with mtime 1728322046.0
File C:\Users\ADMIN\AppData\Local\Programs\Python\Python313\Lib\asyncio\timeouts.py first seen with mtime 1728322008.0
File C:\Users\ADMIN\AppData\Local\Programs\Python\Python313\Lib\email\mime\text.py first seen with mtime 1728322008.0
File C:\Users\ADMIN\my_django_project\venv\Lib\site-packages\django\core\mail\message.py first seen with mtime 1728609280.0718644
File C:\Users\ADMIN\my_django_project\venv\Lib\site-packages\django\contrib\staticfiles\utils.py first seen with mtime 1728609279.8208795
File C:\Users\ADMIN\my_django_project\venv\Lib\site-packages\django\db\models\fields\files.py first seen with mtime 1728609280.8488195
File C:\Users\ADMIN\my_django_project\venv\Lib\site-packages\django\template\backends\base.py first seen with mtime 1728609281.3187895
File C:\Users\ADMIN\my_django_project\venv\Lib\site-packages\django\db\models\indexes.py first seen with mtime 1728609280.830819
File C:\Users\ADMIN\AppData\Local\Programs\Python\Python313\Lib\http\cookies.py first seen with mtime 1728322008.0
File C:\Users\ADMIN\my_django_project\venv\Lib\site-packages\django\core\files\__init__.py first seen with mtime 1728609279.9978697
File C:\Users\ADMIN\my_django_project\venv\Lib\site-packages\django\templatetags\cache.py first seen with mtime 1728609281.3757875
File C:\Users\ADMIN\my_django_project\venv\Lib\site-packages\django\db\migrations\operations\special.py first seen with mtime 1728609280.7728236
File C:\Users\ADMIN\my_django_project\venv\Lib\site-packages\django\conf\urls\__init__.py first seen with mtime 1728609262.336926
File C:\Users\ADMIN\AppData\Local\Programs\Python\Python313\Lib\asyncio\sslproto.py first seen with mtime 1728322008.0
File C:\Users\ADMIN\my_django_project\venv\Lib\site-packages\django\core\serializers\json.py first seen with mtime 1728609280.278853
File C:\Users\ADMIN\AppData\Local\Programs\Python\Python313\Lib\collections\__init__.py first seen with mtime 1728322008.0
File C:\Users\ADMIN\my_django_project\venv\Lib\site-packages\django\core\checks\urls.py first seen with mtime 1728609279.9878705
File C:\Users\ADMIN\my_django_project\venv\Lib\site-packages\django\db\migrations\operations\__init__.py first seen with mtime 1728609280.7658253
File C:\Users\ADMIN\my_django_project\venv\Lib\site-packages\django\utils\timesince.py first seen with mtime 1728609281.5297768
File C:\Users\ADMIN\AppData\Local\Programs\Python\Python313\Lib\email\_policybase.py first seen with mtime 1728322008.0
File C:\Users\ADMIN\AppData\Local\Programs\Python\Python313\Lib\sysconfig\__init__.py first seen with mtime 1728322008.0
File C:\Users\ADMIN\AppData\Local\Programs\Python\Python313\Lib\asyncio\streams.py first seen with mtime 1728322008.0
File C:\Users\ADMIN\my_django_project\venv\Lib\site-packages\django\template\__init__.py first seen with mtime 1728609281.2527936
File C:\Users\ADMIN\my_django_project\venv\Lib\site-packages\django\db\models\fields\related.py first seen with mtime 1728609280.8578174
File C:\Users\ADMIN\my_django_project\venv\Lib\site-packages\django\core\checks\files.py first seen with mtime 1728609279.9788702
File C:\Users\ADMIN\my_django_project\venv\Lib\site-packages\django\contrib\admin\models.py first seen with mtime 1728609262.355925
File C:\Users\ADMIN\my_django_project\venv\Lib\site-packages\django\utils\choices.py first seen with mtime 1728609281.4537828
File C:\Users\ADMIN\AppData\Local\Programs\Python\Python313\Lib\html\__init__.py first seen with mtime 1728322008.0
File C:\Users\ADMIN\AppData\Local\Programs\Python\Python313\Lib\email\errors.py first seen with mtime 1728322008.0
File C:\Users\ADMIN\my_django_project\venv\Lib\site-packages\django\db\models\constants.py first seen with mtime 1728609280.7788231
File C:\Users\ADMIN\my_django_project\venv\Lib\site-packages\django\core\handlers\__init__.py first seen with mtime 1728609280.0618649
File C:\Users\ADMIN\AppData\Local\Programs\Python\Python313\Lib\_compression.py first seen with mtime 1728322008.0
File C:\Users\ADMIN\my_django_project\venv\Lib\site-packages\django\core\files\utils.py first seen with mtime 1728609280.0518668
File C:\Users\ADMIN\my_django_project\venv\Lib\site-packages\django\utils\translation\trans_real.py first seen with mtime 1728609281.5937736
File C:\Users\ADMIN\my_django_project\venv\Lib\site-packages\django\contrib\admin\sites.py first seen with mtime 1728609262.4569192
File C:\Users\ADMIN\my_django_project\venv\Lib\site-packages\django\db\backends\__init__.py first seen with mtime 1728609280.3898473
File C:\Users\ADMIN\AppData\Local\Programs\Python\Python313\Lib\asyncio\runners.py first seen with mtime 1728322008.0
File C:\Users\ADMIN\AppData\Local\Programs\Python\Python313\Lib\tempfile.py first seen with mtime 1728322008.0
File C:\Users\ADMIN\my_django_project\venv\Lib\site-packages\django\db\models\sql\__init__.py first seen with mtime 1728609280.930815
File C:\Users\ADMIN\AppData\Local\Programs\Python\Python313\Lib\weakref.py first seen with mtime 1728322008.0
File C:\Users\ADMIN\AppData\Local\Programs\Python\Python313\Lib\locale.py first seen with mtime 1728322008.0
File C:\Users\ADMIN\my_django_project\shipping_site\shipping\models.py first seen with mtime 1729264575.9067748
File C:\Users\ADMIN\my_django_project\venv\Lib\site-packages\django\template\exceptions.py first seen with mtime 1728609281.3077912
File C:\Users\ADMIN\my_django_project\venv\Lib\site-packages\asgiref\__init__.py first seen with mtime 1728609258.4311602
File C:\Users\ADMIN\my_django_project\venv\Lib\site-packages\django\conf\global_settings.py first seen with mtime 1728609259.8770735
File C:\Users\ADMIN\my_django_project\venv\Lib\site-packages\django\conf\__init__.py first seen with mtime 1728609259.8760748
File C:\Users\ADMIN\my_django_project\venv\Lib\site-packages\django\contrib\auth\views.py first seen with mtime 1728609267.9865887
File C:\Users\ADMIN\my_django_project\venv\Lib\site-packages\django\template\backends\django.py first seen with mtime 1728609281.3197901
File C:\Users\ADMIN\AppData\Local\Programs\Python\Python313\Lib\selectors.py first seen with mtime 1728322008.0
File C:\Users\ADMIN\my_django_project\venv\Lib\site-packages\sqlparse\filters\right_margin.py first seen with mtime 1728609255.7943182
File C:\Users\ADMIN\my_django_project\venv\Lib\site-packages\django\contrib\auth\forms.py first seen with mtime 1728609267.972589
File C:\Users\ADMIN\my_django_project\venv\Lib\site-packages\django\forms\models.py first seen with mtime 1728609280.9788108
File C:\Users\ADMIN\my_django_project\venv\Lib\site-packages\django\contrib\admin\views\autocomplete.py first seen with mtime 1728609266.5596752
File C:\Users\ADMIN\my_django_project\venv\Lib\site-packages\django\db\models\functions\math.py first seen with mtime 1728609280.9248152
File C:\Users\ADMIN\my_django_project\venv\Lib\site-packages\django\core\checks\caches.py first seen with mtime 1728609279.9768703
File C:\Users\ADMIN\my_django_project\venv\Lib\site-packages\django\core\signals.py first seen with mtime 1728609279.8818817
File C:\Users\ADMIN\AppData\Local\Programs\Python\Python313\Lib\mimetypes.py first seen with mtime 1728322008.0
File C:\Users\ADMIN\my_django_project\venv\Lib\site-packages\django\core\servers\__init__.py first seen with mtime 1728609280.3038516
File C:\Users\ADMIN\my_django_project\venv\Lib\site-packages\django\core\files\storage\__init__.py first seen with mtime 1728609280.0538666
File C:\Users\ADMIN\my_django_project\venv\Lib\site-packages\django\core\serializers\__init__.py first seen with mtime 1728609280.2758532
File C:\Users\ADMIN\AppData\Local\Programs\Python\Python313\Lib\platform.py first seen with mtime 1728322008.0
File C:\Users\ADMIN\my_django_project\venv\Lib\site-packages\django\templatetags\l10n.py first seen with mtime 1728609281.3787868
File C:\Users\ADMIN\AppData\Local\Programs\Python\Python313\Lib\sqlite3\__init__.py first seen with mtime 1728322008.0
File C:\Users\ADMIN\AppData\Local\Programs\Python\Python313\Lib\asyncio\format_helpers.py first seen with mtime 1728322008.0
File C:\Users\ADMIN\my_django_project\venv\Lib\site-packages\sqlparse\tokens.py first seen with mtime 1728609255.737321
File C:\Users\ADMIN\AppData\Local\Programs\Python\Python313\Lib\_markupbase.py first seen with mtime 1728322008.0
File C:\Users\ADMIN\my_django_project\venv\Lib\site-packages\django\db\models\query_utils.py first seen with mtime 1728609280.8408184
File C:\Users\ADMIN\my_django_project\venv\Lib\site-packages\django\db\backends\base\schema.py first seen with mtime 1728609280.4088454
File C:\Users\ADMIN\my_django_project\venv\Lib\site-packages\django\contrib\admin\templatetags\base.py first seen with mtime 1728609266.5556755
File C:\Users\ADMIN\my_django_project\venv\Lib\site-packages\django\contrib\admin\utils.py first seen with mtime 1728609262.486917
File C:\Users\ADMIN\my_django_project\venv\Lib\site-packages\django\template\response.py first seen with mtime 1728609281.3127918
File C:\Users\ADMIN\AppData\Local\Programs\Python\Python313\Lib\base64.py first seen with mtime 1728322008.0
File C:\Users\ADMIN\AppData\Local\Programs\Python\Python313\Lib\wsgiref\__init__.py first seen with mtime 1728322008.0
File C:\Users\ADMIN\AppData\Local\Programs\Python\Python313\Lib\email\_header_value_parser.py first seen with mtime 1728322008.0
File C:\Users\ADMIN\my_django_project\venv\Lib\site-packages\django\core\signing.py first seen with mtime 1728609279.8838763
File C:\Users\ADMIN\my_django_project\venv\Lib\site-packages\django\db\models\options.py first seen with mtime 1728609280.8368194
File C:\Users\ADMIN\AppData\Local\Programs\Python\Python313\Lib\email\__init__.py first seen with mtime 1728322008.0
File C:\Users\ADMIN\AppData\Local\Programs\Python\Python313\Lib\re\_constants.py first seen with mtime 1728322008.0
File C:\Users\ADMIN\AppData\Local\Programs\Python\Python313\Lib\uuid.py first seen with mtime 1728322008.0
File C:\Users\ADMIN\my_django_project\venv\Lib\site-packages\django\core\checks\compatibility\django_4_0.py first seen with mtime 1728609279.99087
File C:\Users\ADMIN\my_django_project\venv\Lib\site-packages\django\contrib\staticfiles\finders.py first seen with mtime 1728609279.8128805
File C:\Users\ADMIN\my_django_project\shipping_site\shipping\urls.py first seen with mtime 1729501110.1835437
File C:\Users\ADMIN\AppData\Local\Programs\Python\Python313\Lib\threading.py first seen with mtime 1728322008.0
File C:\Users\ADMIN\AppData\Local\Programs\Python\Python313\Lib\bisect.py first seen with mtime 1728322008.0
File C:\Users\ADMIN\my_django_project\venv\Lib\site-packages\django\views\generic\dates.py first seen with mtime 1728609281.6277716
File C:\Users\ADMIN\my_django_project\venv\Lib\site-packages\django\db\models\query.py first seen with mtime 1728609280.839819
File C:\Users\ADMIN\AppData\Local\Programs\Python\Python313\DLLs\_decimal.pyd first seen with mtime 1728322046.0
File C:\Users\ADMIN\AppData\Local\Programs\Python\Python313\DLLs\_overlapped.pyd first seen with mtime 1728322046.0
File C:\Users\ADMIN\my_django_project\venv\Lib\site-packages\django\core\handlers\exception.py first seen with mtime 1728609280.0668652
File C:\Users\ADMIN\my_django_project\venv\Lib\site-packages\django\utils\ipv6.py first seen with mtime 1728609281.5137784
File C:\Users\ADMIN\AppData\Local\Programs\Python\Python313\Lib\random.py first seen with mtime 1728322008.0
File C:\Users\ADMIN\my_django_project\venv\Lib\site-packages\django\core\mail\__init__.py first seen with mtime 1728609280.069866
File C:\Users\ADMIN\my_django_project\shipping_site\shipping\admin.py first seen with mtime 1729459019.6522202
File C:\Users\ADMIN\AppData\Local\Programs\Python\Python313\Lib\logging\__init__.py first seen with mtime 1728322008.0
File C:\Users\ADMIN\my_django_project\venv\Lib\site-packages\django\core\handlers\asgi.py first seen with mtime 1728609280.0638647
File C:\Users\ADMIN\my_django_project\venv\Lib\site-packages\django\utils\translation\__init__.py first seen with mtime 1728609281.586774
File C:\Users\ADMIN\my_django_project\venv\Lib\site-packages\django\contrib\sessions\__init__.py first seen with mtime 1728609277.021048
File C:\Users\ADMIN\AppData\Local\Programs\Python\Python313\Lib\http\server.py first seen with mtime 1728322008.0
File C:\Users\ADMIN\my_django_project\venv\Lib\site-packages\django\db\models\manager.py first seen with mtime 1728609280.8338199
File C:\Users\ADMIN\AppData\Local\Programs\Python\Python313\Lib\asyncio\trsock.py first seen with mtime 1728322008.0
File C:\Users\ADMIN\AppData\Local\Programs\Python\Python313\Lib\copy.py first seen with mtime 1728322008.0
File C:\Users\ADMIN\my_django_project\venv\Lib\site-packages\django\core\checks\security\sessions.py first seen with mtime 1728609279.9968703
File C:\Users\ADMIN\my_django_project\shipping_site\manage.py first seen with mtime 1729256585.1080003
File C:\Users\ADMIN\my_django_project\venv\Lib\site-packages\django\contrib\messages\utils.py first seen with mtime 1728609274.7611835
File C:\Users\ADMIN\my_django_project\venv\Lib\site-packages\django\core\checks\__init__.py first seen with mtime 1728609279.9738708
File C:\Users\ADMIN\my_django_project\venv\Lib\site-packages\django\contrib\auth\decorators.py first seen with mtime 1728609267.9575913
File C:\Users\ADMIN\my_django_project\venv\Lib\site-packages\sqlparse\formatter.py first seen with mtime 1728609255.730321
File C:\Users\ADMIN\my_django_project\venv\Lib\site-packages\django\db\models\signals.py first seen with mtime 1728609280.8428183
File C:\Users\ADMIN\AppData\Local\Programs\Python\Python313\Lib\decimal.py first seen with mtime 1728322008.0
File C:\Users\ADMIN\AppData\Local\Programs\Python\Python313\Lib\json\decoder.py first seen with mtime 1728322008.0
File C:\Users\ADMIN\my_django_project\venv\Lib\site-packages\django\contrib\auth\apps.py first seen with mtime 1728609267.9485917
File C:\Users\ADMIN\my_django_project\venv\Lib\site-packages\sqlparse\filters\output.py first seen with mtime 1728609255.7913184
File C:\Users\ADMIN\my_django_project\venv\Lib\site-packages\django\contrib\staticfiles\handlers.py first seen with mtime 1728609279.81388
File C:\Users\ADMIN\my_django_project\venv\Lib\site-packages\django\db\migrations\state.py first seen with mtime 1728609280.7608252
File C:\Users\ADMIN\my_django_project\venv\Lib\site-packages\django\contrib\auth\backends.py first seen with mtime 1728609267.9495916
File C:\Users\ADMIN\my_django_project\venv\Lib\site-packages\django\db\migrations\operations\models.py first seen with mtime 1728609280.7708237
File C:\Users\ADMIN\AppData\Local\Programs\Python\Python313\Lib\asyncio\queues.py first seen with mtime 1728322008.0
File C:\Users\ADMIN\my_django_project\venv\Lib\site-packages\django\contrib\auth\validators.py first seen with mtime 1728609267.9855895
File C:\Users\ADMIN\my_django_project\venv\Lib\site-packages\sqlparse\sql.py first seen with mtime 1728609255.7363205
File C:\Users\ADMIN\my_django_project\venv\Lib\site-packages\django\utils\decorators.py first seen with mtime 1728609281.466782
File C:\Users\ADMIN\AppData\Local\Programs\Python\Python313\Lib\email\mime\multipart.py first seen with mtime 1728322008.0
File C:\Users\ADMIN\my_django_project\venv\Lib\site-packages\django\utils\regex_helper.py first seen with mtime 1728609281.5237777
File C:\Users\ADMIN\my_django_project\venv\Lib\site-packages\django\contrib\auth\hashers.py first seen with mtime 1728609267.9745889
File C:\Users\ADMIN\AppData\Local\Programs\Python\Python313\Lib\email\header.py first seen with mtime 1728322008.0
File C:\Users\ADMIN\AppData\Local\Programs\Python\Python313\Lib\asyncio\transports.py first seen with mtime 1728322008.0
File C:\Users\ADMIN\my_django_project\venv\Lib\site-packages\django\contrib\admin\filters.py first seen with mtime 1728609262.3519256
File C:\Users\ADMIN\my_django_project\venv\Lib\site-packages\django\db\models\functions\comparison.py first seen with mtime 1728609280.9198134
File C:\Users\ADMIN\my_django_project\venv\Lib\site-packages\django\dispatch\__init__.py first seen with mtime 1728609280.9448137
File C:\Users\ADMIN\my_django_project\venv\Lib\site-packages\django\conf\urls\static.py first seen with mtime 1728609262.3389254
File C:\Users\ADMIN\my_django_project\venv\Lib\site-packages\django\core\checks\translation.py first seen with mtime 1728609279.9868715
File C:\Users\ADMIN\my_django_project\venv\Lib\site-packages\sqlparse\exceptions.py first seen with mtime 1728609255.7263222
File C:\Users\ADMIN\my_django_project\venv\Lib\site-packages\django\urls\base.py first seen with mtime 1728609281.3987868
File C:\Users\ADMIN\my_django_project\venv\Lib\site-packages\django\db\models\functions\window.py first seen with mtime 1728609280.9298148
File C:\Users\ADMIN\my_django_project\venv\Lib\site-packages\django\db\backends\base\introspection.py first seen with mtime 1728609280.4048462
File C:\Users\ADMIN\my_django_project\venv\Lib\site-packages\django\__init__.py first seen with mtime 1728609259.8440757
File C:\Users\ADMIN\my_django_project\venv\Lib\site-packages\django\template\utils.py first seen with mtime 1728609281.3157914
File C:\Users\ADMIN\my_django_project\venv\Lib\site-packages\django\contrib\auth\tokens.py first seen with mtime 1728609267.982588
File C:\Users\ADMIN\AppData\Local\Programs\Python\Python313\Lib\email\mime\message.py first seen with mtime 1728322008.0
File C:\Users\ADMIN\AppData\Local\Programs\Python\Python313\Lib\urllib\__init__.py first seen with mtime 1728322008.0
File C:\Users\ADMIN\my_django_project\venv\Lib\site-packages\django\db\migrations\__init__.py first seen with mtime 1728609280.6598306
File C:\Users\ADMIN\my_django_project\venv\Lib\site-packages\django\contrib\admin\views\main.py first seen with mtime 1728609266.561674
File C:\Users\ADMIN\my_django_project\venv\Lib\site-packages\django\urls\resolvers.py first seen with mtime 1728609281.4427836
File C:\Users\ADMIN\AppData\Local\Programs\Python\Python313\Lib\queue.py first seen with mtime 1728322008.0
File C:\Users\ADMIN\my_django_project\venv\Lib\site-packages\django\core\management\commands\__init__.py first seen with mtime 1728609280.2038572
File C:\Users\ADMIN\AppData\Local\Programs\Python\Python313\Lib\gettext.py first seen with mtime 1728322008.0
File C:\Users\ADMIN\my_django_project\venv\Lib\site-packages\django\db\transaction.py first seen with mtime 1728609280.3878462
File C:\Users\ADMIN\my_django_project\venv\Lib\site-packages\django\contrib\auth\signals.py first seen with mtime 1728609267.981589
File C:\Users\ADMIN\my_django_project\venv\Lib\site-packages\django\core\files\temp.py first seen with mtime 1728609280.045867
File C:\Users\ADMIN\my_django_project\venv\Lib\site-packages\django\urls\conf.py first seen with mtime 1728609281.4007862
File C:\Users\ADMIN\my_django_project\venv\Lib\site-packages\django\apps\config.py first seen with mtime 1728609259.8720741
File C:\Users\ADMIN\my_django_project\venv\Lib\site-packages\django\template\loaders\filesystem.py first seen with mtime 1728609281.3707879
File C:\Users\ADMIN\AppData\Local\Programs\Python\Python313\Lib\fractions.py first seen with mtime 1728322008.0
File C:\Users\ADMIN\my_django_project\venv\Lib\site-packages\django\contrib\__init__.py first seen with mtime 1728609262.3399253
File C:\Users\ADMIN\my_django_project\venv\Lib\site-packages\django\template\library.py first seen with mtime 1728609281.3087924
File C:\Users\ADMIN\my_django_project\venv\Lib\site-packages\django\views\generic\edit.py first seen with mtime 1728609281.630771
File C:\Users\ADMIN\my_django_project\venv\Lib\site-packages\django\contrib\auth\management\__init__.py first seen with mtime 1728609269.3185096
File C:\Users\ADMIN\my_django_project\venv\Lib\site-packages\django\contrib\admin\templatetags\admin_list.py first seen with mtime 1728609266.5506742
File C:\Users\ADMIN\my_django_project\venv\Lib\site-packages\django\contrib\sites\requests.py first seen with mtime 1728609278.275973
File C:\Users\ADMIN\AppData\Local\Programs\Python\Python313\Lib\re\_compiler.py first seen with mtime 1728322008.0
File C:\Users\ADMIN\my_django_project\venv\Lib\site-packages\django\contrib\auth\checks.py first seen with mtime 1728609267.9525912
File C:\Users\ADMIN\AppData\Local\Programs\Python\Python313\Lib\asyncio\taskgroups.py first seen with mtime 1728322008.0
File C:\Users\ADMIN\my_django_project\venv\Lib\site-packages\django\db\models\utils.py first seen with mtime 1728609280.843818
File C:\Users\ADMIN\AppData\Local\Programs\Python\Python313\Lib\string.py first seen with mtime 1728322008.0
File C:\Users\ADMIN\AppData\Local\Programs\Python\Python313\Lib\difflib.py first seen with mtime 1728322008.0
File C:\Users\ADMIN\my_django_project\venv\Lib\site-packages\django\contrib\staticfiles\management\__init__.py first seen with mtime 1728609279.823881
File C:\Users\ADMIN\my_django_project\venv\Lib\site-packages\django\urls\utils.py first seen with mtime 1728609281.444783
File C:\Users\ADMIN\my_django_project\venv\Lib\site-packages\django\db\models\functions\mixins.py first seen with mtime 1728609280.9268143
File C:\Users\ADMIN\AppData\Local\Programs\Python\Python313\DLLs\_ssl.pyd first seen with mtime 1728322046.0
File C:\Users\ADMIN\my_django_project\venv\Lib\site-packages\django\core\serializers\base.py first seen with mtime 1728609280.277854
File C:\Users\ADMIN\my_django_project\venv\Lib\site-packages\django\utils\numberformat.py first seen with mtime 1728609281.522778
File C:\Users\ADMIN\AppData\Local\Programs\Python\Python313\Lib\email\mime\__init__.py first seen with mtime 1728322008.0
File C:\Users\ADMIN\AppData\Local\Programs\Python\Python313\Lib\hmac.py first seen with mtime 1728322008.0
File C:\Users\ADMIN\AppData\Local\Programs\Python\Python313\Lib\opcode.py first seen with mtime 1728322008.0
File C:\Users\ADMIN\my_django_project\venv\Lib\site-packages\django\contrib\admin\decorators.py first seen with mtime 1728609262.3489258
File C:\Users\ADMIN\AppData\Local\Programs\Python\Python313\Lib\functools.py first seen with mtime 1728322008.0
File C:\Users\ADMIN\my_django_project\venv\Lib\site-packages\django\db\backends\sqlite3\creation.py first seen with mtime 1728609280.6508307
File C:\Users\ADMIN\my_django_project\venv\Lib\site-packages\django\middleware\__init__.py first seen with mtime 1728609281.2367952
File C:\Users\ADMIN\my_django_project\venv\Lib\site-packages\django\urls\__init__.py first seen with mtime 1728609281.3977857
File C:\Users\ADMIN\my_django_project\venv\Lib\site-packages\django\db\models\fields\mixins.py first seen with mtime 1728609280.852819
File C:\Users\ADMIN\my_django_project\venv\Lib\site-packages\django\db\models\fields\reverse_related.py first seen with mtime 1728609280.916814
File C:\Users\ADMIN\my_django_project\venv\Lib\site-packages\django\core\cache\backends\locmem.py first seen with mtime 1728609279.8978763
File C:\Users\ADMIN\AppData\Local\Programs\Python\Python313\Lib\fnmatch.py first seen with mtime 1728322008.0
File C:\Users\ADMIN\my_django_project\venv\Lib\site-packages\django\contrib\contenttypes\views.py first seen with mtime 1728609269.467501
File C:\Users\ADMIN\my_django_project\venv\Lib\site-packages\django\contrib\staticfiles\management\commands\runserver.py first seen with mtime 1728609279.8678782
File C:\Users\ADMIN\my_django_project\venv\Lib\site-packages\django\db\models\functions\__init__.py first seen with mtime 1728609280.918814
File C:\Users\ADMIN\my_django_project\venv\Lib\site-packages\sqlparse\filters\aligned_indent.py first seen with mtime 1728609255.7863176
File C:\Users\ADMIN\my_django_project\venv\Lib\site-packages\django\db\utils.py first seen with mtime 1728609280.3888474
File C:\Users\ADMIN\my_django_project\venv\Lib\site-packages\sqlparse\__init__.py first seen with mtime 1728609255.7213216
File C:\Users\ADMIN\my_django_project\venv\Lib\site-packages\django\contrib\auth\__init__.py first seen with mtime 1728609267.9455912
File C:\Users\ADMIN\AppData\Local\Programs\Python\Python313\Lib\wsgiref\handlers.py first seen with mtime 1728322008.0
File C:\Users\ADMIN\my_django_project\venv\Lib\site-packages\django\db\models\sql\datastructures.py first seen with mtime 1728609280.9358144
File C:\Users\ADMIN\AppData\Local\Programs\Python\Python313\DLLs\_zoneinfo.pyd first seen with mtime 1728322046.0
File C:\Users\ADMIN\my_django_project\venv\Lib\site-packages\django\forms\forms.py first seen with mtime 1728609280.9748104
File C:\Users\ADMIN\my_django_project\venv\Lib\site-packages\django\db\backends\sqlite3\features.py first seen with mtime 1728609280.6528306
File C:\Users\ADMIN\my_django_project\venv\Lib\site-packages\django\contrib\sessions\models.py first seen with mtime 1728609277.0940428
File C:\Users\ADMIN\my_django_project\venv\Lib\site-packages\django\utils\dates.py first seen with mtime 1728609281.4637823
File C:\Users\ADMIN\my_django_project\venv\Lib\site-packages\django\db\backends\base\operations.py first seen with mtime 1728609280.4068453
File C:\Users\ADMIN\AppData\Local\Programs\Python\Python313\Lib\asyncio\exceptions.py first seen with mtime 1728322008.0
File C:\Users\ADMIN\my_django_project\venv\Lib\site-packages\sqlparse\lexer.py first seen with mtime 1728609255.7353213
File C:\Users\ADMIN\AppData\Local\Programs\Python\Python313\Lib\pickle.py first seen with mtime 1728322008.0
File C:\Users\ADMIN\my_django_project\venv\Lib\site-packages\django\core\checks\security\base.py first seen with mtime 1728609279.9938703
File C:\Users\ADMIN\my_django_project\venv\Lib\site-packages\django\db\backends\base\client.py first seen with mtime 1728609280.3988452
File C:\Users\ADMIN\AppData\Local\Programs\Python\Python313\Lib\getpass.py first seen with mtime 1728322008.0
File C:\Users\ADMIN\AppData\Local\Programs\Python\Python313\Lib\asyncio\coroutines.py first seen with mtime 1728322008.0
File C:\Users\ADMIN\AppData\Local\Programs\Python\Python313\Lib\encodings\__init__.py first seen with mtime 1728322008.0
File C:\Users\ADMIN\my_django_project\venv\Lib\site-packages\django\contrib\auth\models.py first seen with mtime 1728609267.978588
File C:\Users\ADMIN\my_django_project\venv\Lib\site-packages\django\contrib\staticfiles\apps.py first seen with mtime 1728609279.80988
File C:\Users\ADMIN\AppData\Local\Programs\Python\Python313\Lib\asyncio\futures.py first seen with mtime 1728322008.0
File C:\Users\ADMIN\my_django_project\venv\Lib\site-packages\django\template\autoreload.py first seen with mtime 1728609281.2957933
File C:\Users\ADMIN\my_django_project\venv\Lib\site-packages\django\db\backends\utils.py first seen with mtime 1728609280.3948452
File C:\Users\ADMIN\my_django_project\venv\Lib\site-packages\django\contrib\admin\templatetags\admin_urls.py first seen with mtime 1728609266.5536745
File C:\Users\ADMIN\AppData\Local\Programs\Python\Python313\Lib\socket.py first seen with mtime 1728322008.0
File C:\Users\ADMIN\AppData\Local\Programs\Python\Python313\Lib\re\_parser.py first seen with mtime 1728322008.0
File C:\Users\ADMIN\my_django_project\venv\Lib\site-packages\django\core\files\base.py first seen with mtime 1728609279.9998972
File C:\Users\ADMIN\my_django_project\venv\Lib\site-packages\django\views\decorators\__init__.py first seen with mtime 1728609281.604773
File C:\Users\ADMIN\my_django_project\venv\Lib\site-packages\django\contrib\admin\checks.py first seen with mtime 1728609262.346928
File C:\Users\ADMIN\my_django_project\venv\Lib\site-packages\django\core\checks\database.py first seen with mtime 1728609279.9778702
File C:\Users\ADMIN\AppData\Local\Programs\Python\Python313\DLLs\unicodedata.pyd first seen with mtime 1728322046.0
File C:\Users\ADMIN\AppData\Local\Programs\Python\Python313\Lib\email\policy.py first seen with mtime 1728322008.0
File C:\Users\ADMIN\my_django_project\venv\Lib\site-packages\django\utils\crypto.py first seen with mtime 1728609281.4567833
File C:\Users\ADMIN\AppData\Local\Programs\Python\Python313\Lib\_opcode_metadata.py first seen with mtime 1728322008.0
File C:\Users\ADMIN\my_django_project\venv\Lib\site-packages\django\contrib\staticfiles\management\commands\__init__.py first seen with mtime 1728609279.8258796
File C:\Users\ADMIN\my_django_project\venv\Lib\site-packages\django\views\generic\detail.py first seen with mtime 1728609281.6287713
File C:\Users\ADMIN\my_django_project\venv\Lib\site-packages\django\contrib\admin\templatetags\__init__.py first seen with mtime 1728609266.5306754
File C:\Users\ADMIN\my_django_project\venv\Lib\site-packages\django\db\models\fields\proxy.py first seen with mtime 1728609280.8558178
File C:\Users\ADMIN\my_django_project\venv\Lib\site-packages\django\db\backends\base\base.py first seen with mtime 1728609280.3968446
File C:\Users\ADMIN\AppData\Local\Programs\Python\Python313\Lib\concurrent\futures\_base.py first seen with mtime 1728322008.0
File C:\Users\ADMIN\AppData\Local\Programs\Python\Python313\Lib\typing.py first seen with mtime 1728322008.0
File C:\Users\ADMIN\AppData\Local\Programs\Python\Python313\Lib\calendar.py first seen with mtime 1728322008.0
File C:\Users\ADMIN\my_django_project\venv\Lib\site-packages\django\views\static.py first seen with mtime 1728609281.6027737
File C:\Users\ADMIN\AppData\Local\Programs\Python\Python313\Lib\ast.py first seen with mtime 1728322008.0
File C:\Users\ADMIN\my_django_project\venv\Lib\site-packages\django\utils\deprecation.py first seen with mtime 1728609281.467782
File C:\Users\ADMIN\AppData\Local\Programs\Python\Python313\Lib\asyncio\events.py first seen with mtime 1728322008.0
File C:\Users\ADMIN\my_django_project\venv\Lib\site-packages\django\contrib\auth\middleware.py first seen with mtime 1728609267.976589
File C:\Users\ADMIN\AppData\Local\Programs\Python\Python313\Lib\ipaddress.py first seen with mtime 1728322008.0
File C:\Users\ADMIN\my_django_project\venv\Lib\site-packages\django\core\files\storage\base.py first seen with mtime 1728609280.054867
File C:\Users\ADMIN\my_django_project\venv\Lib\site-packages\django\contrib\messages\apps.py first seen with mtime 1728609274.7521842
File C:\Users\ADMIN\my_django_project\shipping_site\shipping_site\settings.py first seen with mtime 1729503469.1338139
File C:\Users\ADMIN\AppData\Local\Programs\Python\Python313\Lib\asyncio\proactor_events.py first seen with mtime 1728322008.0
File C:\Users\ADMIN\my_django_project\venv\Lib\site-packages\sqlparse\engine\__init__.py first seen with mtime 1728609255.7413216
File C:\Users\ADMIN\my_django_project\venv\Lib\site-packages\django\utils\dateparse.py first seen with mtime 1728609281.4617832
File C:\Users\ADMIN\my_django_project\venv\Lib\site-packages\django\db\models\__init__.py first seen with mtime 1728609280.774824
File C:\Users\ADMIN\AppData\Local\Programs\Python\Python313\Lib\ctypes\__init__.py first seen with mtime 1728322008.0
File C:\Users\ADMIN\my_django_project\venv\Lib\site-packages\django\template\engine.py first seen with mtime 1728609281.3057914
File C:\Users\ADMIN\my_django_project\venv\Lib\site-packages\django\core\files\storage\handler.py first seen with mtime 1728609280.057867
File C:\Users\ADMIN\AppData\Local\Programs\Python\Python313\Lib\email\mime\nonmultipart.py first seen with mtime 1728322008.0
File C:\Users\ADMIN\AppData\Local\Programs\Python\Python313\Lib\asyncio\subprocess.py first seen with mtime 1728322008.0
File C:\Users\ADMIN\my_django_project\venv\Lib\site-packages\django\core\cache\utils.py first seen with mtime 1728609279.8898754
File C:\Users\ADMIN\AppData\Local\Programs\Python\Python313\Lib\operator.py first seen with mtime 1728322008.0
File C:\Users\ADMIN\my_django_project\venv\Lib\site-packages\django\db\models\expressions.py first seen with mtime 1728609280.8298192
File C:\Users\ADMIN\my_django_project\venv\Lib\site-packages\django\db\migrations\migration.py first seen with mtime 1728609280.750825
File C:\Users\ADMIN\my_django_project\venv\Lib\site-packages\django\utils\encoding.py first seen with mtime 1728609281.4707825
File C:\Users\ADMIN\AppData\Local\Programs\Python\Python313\Lib\asyncio\windows_events.py first seen with mtime 1728322008.0
File C:\Users\ADMIN\AppData\Local\Programs\Python\Python313\Lib\heapq.py first seen with mtime 1728322008.0
File C:\Users\ADMIN\my_django_project\venv\Lib\site-packages\django\core\management\base.py first seen with mtime 1728609280.195858
File C:\Users\ADMIN\my_django_project\venv\Lib\site-packages\django\contrib\staticfiles\checks.py first seen with mtime 1728609279.8108802
File C:\Users\ADMIN\AppData\Local\Programs\Python\Python313\Lib\inspect.py first seen with mtime 1728322008.0
File C:\Users\ADMIN\AppData\Local\Programs\Python\Python313\Lib\_weakrefset.py first seen with mtime 1728322008.0
File C:\Users\ADMIN\AppData\Local\Programs\Python\Python313\Lib\pathlib\_abc.py first seen with mtime 1728322008.0
File C:\Users\ADMIN\my_django_project\venv\Lib\site-packages\sqlparse\cli.py first seen with mtime 1728609255.7243211
File C:\Users\ADMIN\my_django_project\venv\Lib\site-packages\sqlparse\filters\reindent.py first seen with mtime 1728609255.7923183
File C:\Users\ADMIN\AppData\Local\Programs\Python\Python313\Lib\asyncio\__init__.py first seen with mtime 1728322008.0
File C:\Users\ADMIN\AppData\Local\Programs\Python\Python313\Lib\asyncio\windows_utils.py first seen with mtime 1728322008.0
File C:\Users\ADMIN\my_django_project\venv\Lib\site-packages\django\contrib\sites\shortcuts.py first seen with mtime 1728609278.2769735
File C:\Users\ADMIN\my_django_project\venv\Lib\site-packages\django\forms\widgets.py first seen with mtime 1728609280.9828095
File C:\Users\ADMIN\my_django_project\venv\Lib\site-packages\django\forms\renderers.py first seen with mtime 1728609280.9798105
File C:\Users\ADMIN\AppData\Local\Programs\Python\Python313\Lib\asyncio\locks.py first seen with mtime 1728322008.0
File C:\Users\ADMIN\my_django_project\venv\Lib\site-packages\django\contrib\admin\__init__.py first seen with mtime 1728609262.3419254
File C:\Users\ADMIN\AppData\Local\Programs\Python\Python313\Lib\re\__init__.py first seen with mtime 1728322008.0
File C:\Users\ADMIN\my_django_project\venv\Lib\site-packages\django\contrib\sessions\apps.py first seen with mtime 1728609277.0230486
File C:\Users\ADMIN\my_django_project\venv\Lib\site-packages\django\db\models\fields\__init__.py first seen with mtime 1728609280.8468199
File C:\Users\ADMIN\AppData\Local\Programs\Python\Python313\Lib\urllib\parse.py first seen with mtime 1728322008.0
File C:\Users\ADMIN\my_django_project\venv\Lib\site-packages\django\core\files\uploadedfile.py first seen with mtime 1728609280.047867
File C:\Users\ADMIN\my_django_project\venv\Lib\site-packages\django\utils\html.py first seen with mtime 1728609281.509778
File C:\Users\ADMIN\my_django_project\venv\Lib\site-packages\django\contrib\messages\storage\base.py first seen with mtime 1728609274.7731843
File C:\Users\ADMIN\AppData\Local\Programs\Python\Python313\Lib\ctypes\_endian.py first seen with mtime 1728322008.0
File C:\Users\ADMIN\my_django_project\venv\Lib\site-packages\django\contrib\messages\api.py first seen with mtime 1728609274.7511847
File C:\Users\ADMIN\AppData\Local\Programs\Python\Python313\Lib\traceback.py first seen with mtime 1728322008.0
File C:\Users\ADMIN\AppData\Local\Programs\Python\Python313\Lib\_compat_pickle.py first seen with mtime 1728322008.0
File C:\Users\ADMIN\my_django_project\venv\Lib\site-packages\django\views\__init__.py first seen with mtime 1728609281.595774
File C:\Users\ADMIN\my_django_project\venv\Lib\site-packages\django\db\models\aggregates.py first seen with mtime 1728609280.7758236
File C:\Users\ADMIN\my_django_project\venv\Lib\site-packages\django\template\smartif.py first seen with mtime 1728609281.3147912
File C:\Users\ADMIN\AppData\Local\Programs\Python\Python313\Lib\multiprocessing\context.py first seen with mtime 1728322008.0
File C:\Users\ADMIN\my_django_project\venv\Lib\site-packages\django\middleware\security.py first seen with mtime 1728609281.2507937
File C:\Users\ADMIN\my_django_project\venv\Lib\site-packages\django\utils\lorem_ipsum.py first seen with mtime 1728609281.5197775
File C:\Users\ADMIN\my_django_project\venv\Lib\site-packages\django\contrib\admin\exceptions.py first seen with mtime 1728609262.3499253
File C:\Users\ADMIN\my_django_project\venv\Lib\site-packages\django\core\cache\backends\filebased.py first seen with mtime 1728609279.8958747
File C:\Users\ADMIN\my_django_project\venv\Lib\site-packages\django\core\servers\basehttp.py first seen with mtime 1728609280.3828466
File C:\Users\ADMIN\my_django_project\venv\Lib\site-packages\django\template\base.py first seen with mtime 1728609281.297793
File C:\Users\ADMIN\my_django_project\venv\Lib\site-packages\django\db\models\sql\query.py first seen with mtime 1728609280.9398139
File C:\Users\ADMIN\my_django_project\venv\Lib\site-packages\sqlparse\keywords.py first seen with mtime 1728609255.7333217
File C:\Users\ADMIN\AppData\Local\Programs\Python\Python313\Lib\secrets.py first seen with mtime 1728322008.0
File C:\Users\ADMIN\my_django_project\venv\Lib\site-packages\django\db\models\deletion.py first seen with mtime 1728609280.8258195
File C:\Users\ADMIN\AppData\Local\Programs\Python\Python313\Lib\zoneinfo\__init__.py first seen with mtime 1728322008.0
File C:\Users\ADMIN\my_django_project\venv\Lib\site-packages\django\template\loaders\__init__.py first seen with mtime 1728609281.3257897
File C:\Users\ADMIN\AppData\Local\Programs\Python\Python313\Lib\contextlib.py first seen with mtime 1728322008.0
File C:\Users\ADMIN\my_django_project\venv\Lib\site-packages\django\db\backends\signals.py first seen with mtime 1728609280.392846
File C:\Users\ADMIN\my_django_project\venv\Lib\site-packages\django\db\migrations\operations\base.py first seen with mtime 1728609280.7668242
File C:\Users\ADMIN\my_django_project\venv\Lib\site-packages\django\db\__init__.py first seen with mtime 1728609280.3838456
File C:\Users\ADMIN\my_django_project\venv\Lib\site-packages\django\db\models\base.py first seen with mtime 1728609280.7778306
File C:\Users\ADMIN\my_django_project\venv\Lib\site-packages\django\core\mail\utils.py first seen with mtime 1728609280.0728645
File C:\Users\ADMIN\my_django_project\venv\Lib\site-packages\django\core\management\__init__.py first seen with mtime 1728609280.1938589
File C:\Users\ADMIN\AppData\Local\Programs\Python\Python313\Lib\concurrent\futures\__init__.py first seen with mtime 1728322008.0
File C:\Users\ADMIN\AppData\Local\Programs\Python\Python313\Lib\reprlib.py first seen with mtime 1728322008.0
File C:\Users\ADMIN\my_django_project\venv\Lib\site-packages\django\core\management\color.py first seen with mtime 1728609280.197858
File C:\Users\ADMIN\my_django_project\venv\Lib\site-packages\django\db\models\functions\datetime.py first seen with mtime 1728609280.922815
File C:\Users\ADMIN\my_django_project\venv\Lib\site-packages\django\utils\cache.py first seen with mtime 1728609281.4527833
File C:\Users\ADMIN\my_django_project\venv\Lib\site-packages\sqlparse\engine\filter_stack.py first seen with mtime 1728609255.7423213
File C:\Users\ADMIN\AppData\Local\Programs\Python\Python313\Lib\asyncio\tasks.py first seen with mtime 1728322008.0
File C:\Users\ADMIN\my_django_project\venv\Lib\site-packages\django\utils\dateformat.py first seen with mtime 1728609281.4607825
File C:\Users\ADMIN\my_django_project\venv\Lib\site-packages\sqlparse\filters\tokens.py first seen with mtime 1728609255.7953184
File C:\Users\ADMIN\my_django_project\venv\Lib\site-packages\django\forms\fields.py first seen with mtime 1728609280.9738102
File C:\Users\ADMIN\my_django_project\venv\Lib\site-packages\django\utils\formats.py first seen with mtime 1728609281.50278
File C:\Users\ADMIN\my_django_project\venv\Lib\site-packages\django\db\backends\sqlite3\introspection.py first seen with mtime 1728609280.6548314
File C:\Users\ADMIN\my_django_project\venv\Lib\site-packages\django\dispatch\dispatcher.py first seen with mtime 1728609280.9458137
File C:\Users\ADMIN\my_django_project\venv\Lib\site-packages\django\template\defaultfilters.py first seen with mtime 1728609281.3027916
File C:\Users\ADMIN\my_django_project\venv\Lib\site-packages\django\core\files\storage\memory.py first seen with mtime 1728609280.0588663
File C:\Users\ADMIN\AppData\Local\Programs\Python\Python313\Lib\asyncio\base_tasks.py first seen with mtime 1728322008.0
File C:\Users\ADMIN\AppData\Local\Programs\Python\Python313\DLLs\_sqlite3.pyd first seen with mtime 1728322046.0
File C:\Users\ADMIN\my_django_project\venv\Lib\site-packages\django\contrib\admin\apps.py first seen with mtime 1728609262.3449252
File C:\Users\ADMIN\my_django_project\venv\Lib\site-packages\django\db\models\fields\related_descriptors.py first seen with mtime 1728609280.913814
File C:\Users\ADMIN\AppData\Local\Programs\Python\Python313\Lib\email\feedparser.py first seen with mtime 1728322008.0
File C:\Users\ADMIN\my_django_project\venv\Lib\site-packages\django\utils\datastructures.py first seen with mtime 1728609281.4597821
File C:\Users\ADMIN\my_django_project\venv\Lib\site-packages\django\core\validators.py first seen with mtime 1728609279.8858755
File C:\Users\ADMIN\AppData\Local\Programs\Python\Python313\Lib\linecache.py first seen with mtime 1728322008.0
File C:\Users\ADMIN\my_django_project\venv\Lib\site-packages\django\views\csrf.py first seen with mtime 1728609281.596773
File C:\Users\ADMIN\my_django_project\venv\Lib\site-packages\django\utils\tree.py first seen with mtime 1728609281.5327773
File C:\Users\ADMIN\AppData\Local\Programs\Python\Python313\Lib\multiprocessing\reduction.py first seen with mtime 1728322008.0
File C:\Users\ADMIN\AppData\Local\Programs\Python\Python313\Lib\argparse.py first seen with mtime 1728322008.0
File C:\Users\ADMIN\my_django_project\venv\Lib\site-packages\django\contrib\contenttypes\fields.py first seen with mtime 1728609269.4605002
File C:\Users\ADMIN\AppData\Local\Programs\Python\Python313\Lib\email\_parseaddr.py first seen with mtime 1728322008.0
File C:\Users\ADMIN\my_django_project\venv\Lib\site-packages\django\utils\text.py first seen with mtime 1728609281.528778
File C:\Users\ADMIN\my_django_project\venv\Lib\site-packages\django\contrib\sites\__init__.py first seen with mtime 1728609278.2649736
File C:\Users\ADMIN\AppData\Local\Programs\Python\Python313\Lib\html\parser.py first seen with mtime 1728322008.0
File C:\Users\ADMIN\AppData\Local\Programs\Python\Python313\Lib\json\scanner.py first seen with mtime 1728322008.0
File C:\Users\ADMIN\my_django_project\venv\Lib\site-packages\django\db\migrations\operations\fields.py first seen with mtime 1728609280.768824
File C:\Users\ADMIN\AppData\Local\Programs\Python\Python313\Lib\token.py first seen with mtime 1728322008.0
File C:\Users\ADMIN\AppData\Local\Programs\Python\Python313\Lib\sqlite3\dbapi2.py first seen with mtime 1728322008.0
File C:\Users\ADMIN\my_django_project\venv\Lib\site-packages\django\db\backends\sqlite3\base.py first seen with mtime 1728609280.646831
File C:\Users\ADMIN\my_django_project\venv\Lib\site-packages\django\contrib\contenttypes\apps.py first seen with mtime 1728609269.4575005
File C:\Users\ADMIN\my_django_project\venv\Lib\site-packages\django\db\backends\sqlite3\_functions.py first seen with mtime 1728609280.6458318
File C:\Users\ADMIN\my_django_project\venv\Lib\site-packages\django\core\checks\messages.py first seen with mtime 1728609279.9808698
File C:\Users\ADMIN\my_django_project\venv\Lib\site-packages\django\template\loaders\base.py first seen with mtime 1728609281.328789
File C:\Users\ADMIN\my_django_project\venv\Lib\site-packages\django\templatetags\static.py first seen with mtime 1728609281.379786
File C:\Users\ADMIN\my_django_project\venv\Lib\site-packages\django\views\decorators\cache.py first seen with mtime 1728609281.6067724
File C:\Users\ADMIN\AppData\Local\Programs\Python\Python313\Lib\asyncio\constants.py first seen with mtime 1728322008.0
File C:\Users\ADMIN\my_django_project\venv\Lib\site-packages\django\views\generic\list.py first seen with mtime 1728609281.6317708
File C:\Users\ADMIN\my_django_project\venv\Lib\site-packages\sqlparse\utils.py first seen with mtime 1728609255.7393224
File C:\Users\ADMIN\AppData\Local\Programs\Python\Python313\DLLs\select.pyd first seen with mtime 1728322046.0
File C:\Users\ADMIN\my_django_project\venv\Lib\site-packages\django\views\generic\__init__.py first seen with mtime 1728609281.6177723
File C:\Users\ADMIN\my_django_project\venv\Lib\site-packages\django\template\loader.py first seen with mtime 1728609281.3097916
File C:\Users\ADMIN\my_django_project\venv\Lib\site-packages\django\contrib\contenttypes\__init__.py first seen with mtime 1728609269.4525015
File C:\Users\ADMIN\my_django_project\venv\Lib\site-packages\django\utils\termcolors.py first seen with mtime 1728609281.526779
File C:\Users\ADMIN\my_django_project\venv\Lib\site-packages\django\template\backends\__init__.py first seen with mtime 1728609281.3177898
File C:\Users\ADMIN\AppData\Local\Programs\Python\Python313\Lib\glob.py first seen with mtime 1728322008.0
File C:\Users\ADMIN\my_django_project\venv\Lib\site-packages\django\contrib\admin\templatetags\log.py first seen with mtime 1728609266.5566742
File C:\Users\ADMIN\my_django_project\venv\Lib\site-packages\django\core\cache\backends\__init__.py first seen with mtime 1728609279.890876
File C:\Users\ADMIN\my_django_project\venv\Lib\site-packages\django\middleware\csrf.py first seen with mtime 1728609281.2447953
File C:\Users\ADMIN\my_django_project\venv\Lib\site-packages\django\middleware\cache.py first seen with mtime 1728609281.2387955
File C:\Users\ADMIN\my_django_project\venv\Lib\site-packages\django\http\cookie.py first seen with mtime 1728609281.230795
File C:\Users\ADMIN\my_django_project\venv\Lib\site-packages\django\contrib\contenttypes\forms.py first seen with mtime 1728609269.4614997
File C:\Users\ADMIN\my_django_project\venv\Lib\site-packages\django\core\cache\__init__.py first seen with mtime 1728609279.8888752
File C:\Users\ADMIN\my_django_project\venv\Lib\site-packages\django\utils\connection.py first seen with mtime 1728609281.4557824
File C:\Users\ADMIN\AppData\Local\Programs\Python\Python313\Lib\asyncio\log.py first seen with mtime 1728322008.0
File C:\Users\ADMIN\my_django_project\venv\Lib\site-packages\django\utils\translation\reloader.py first seen with mtime 1728609281.5877736
File C:\Users\ADMIN\AppData\Local\Programs\Python\Python313\Lib\_colorize.py first seen with mtime 1728322008.0
File C:\Users\ADMIN\AppData\Local\Programs\Python\Python313\Lib\asyncio\threads.py first seen with mtime 1728322008.0
File C:\Users\ADMIN\my_django_project\venv\Lib\site-packages\django\forms\utils.py first seen with mtime 1728609280.98081
File C:\Users\ADMIN\my_django_project\venv\Lib\site-packages\django\db\backends\base\creation.py first seen with mtime 1728609280.3998444
File C:\Users\ADMIN\my_django_project\venv\Lib\site-packages\django\db\models\sql\where.py first seen with mtime 1728609280.9428134
File C:\Users\ADMIN\my_django_project\venv\Lib\site-packages\django\http\multipartparser.py first seen with mtime 1728609281.232795
File C:\Users\ADMIN\my_django_project\venv\Lib\site-packages\django\contrib\admin\actions.py first seen with mtime 1728609262.3439262
File C:\Users\ADMIN\AppData\Local\Programs\Python\Python313\Lib\logging\config.py first seen with mtime 1728322008.0
File C:\Users\ADMIN\my_django_project\venv\Lib\site-packages\django\db\backends\base\__init__.py first seen with mtime 1728609280.395845
File C:\Users\ADMIN\AppData\Local\Programs\Python\Python313\Lib\contextvars.py first seen with mtime 1728322008.0
File C:\Users\ADMIN\my_django_project\venv\Lib\site-packages\django\contrib\messages\storage\__init__.py first seen with mtime 1728609274.7711835
File C:\Users\ADMIN\my_django_project\venv\Lib\site-packages\django\views\decorators\csrf.py first seen with mtime 1728609281.6117735
File C:\Users\ADMIN\AppData\Local\Programs\Python\Python313\Lib\urllib\request.py first seen with mtime 1728322008.0
File C:\Users\ADMIN\my_django_project\venv\Lib\site-packages\django\db\models\sql\constants.py first seen with mtime 1728609280.9348145
File C:\Users\ADMIN\my_django_project\venv\Lib\site-packages\django\utils\inspect.py first seen with mtime 1728609281.512778
File C:\Users\ADMIN\AppData\Local\Programs\Python\Python313\Lib\multiprocessing\__init__.py first seen with mtime 1728322008.0
File C:\Users\ADMIN\my_django_project\venv\Lib\site-packages\django\contrib\sessions\base_session.py first seen with mtime 1728609277.0240476
File C:\Users\ADMIN\AppData\Local\Programs\Python\Python313\Lib\numbers.py first seen with mtime 1728322008.0
File C:\Users\ADMIN\AppData\Local\Programs\Python\Python313\Lib\importlib\__init__.py first seen with mtime 1728322008.0
File C:\Users\ADMIN\my_django_project\venv\Lib\site-packages\asgiref\local.py first seen with mtime 1728609258.4371603
File C:\Users\ADMIN\my_django_project\venv\Lib\site-packages\django\contrib\contenttypes\checks.py first seen with mtime 1728609269.458501
File C:\Users\ADMIN\AppData\Local\Programs\Python\Python313\Lib\wsgiref\simple_server.py first seen with mtime 1728322008.0
File C:\Users\ADMIN\my_django_project\venv\Lib\site-packages\django\contrib\staticfiles\views.py first seen with mtime 1728609279.822879
File C:\Users\ADMIN\my_django_project\venv\Lib\site-packages\django\core\exceptions.py first seen with mtime 1728609279.875878
File C:\Users\ADMIN\AppData\Local\Programs\Python\Python313\Lib\email\parser.py first seen with mtime 1728322008.0
File C:\Users\ADMIN\my_django_project\venv\Lib\site-packages\django\db\backends\sqlite3\__init__.py first seen with mtime 1728609280.64387
File C:\Users\ADMIN\my_django_project\venv\Lib\site-packages\django\db\backends\base\features.py first seen with mtime 1728609280.4008448
File C:\Users\ADMIN\my_django_project\venv\Lib\site-packages\django\db\backends\sqlite3\operations.py first seen with mtime 1728609280.6558306
File C:\Users\ADMIN\AppData\Local\Programs\Python\Python313\DLLs\_lzma.pyd first seen with mtime 1728322046.0
File C:\Users\ADMIN\AppData\Local\Programs\Python\Python313\Lib\hashlib.py first seen with mtime 1728322008.0
File C:\Users\ADMIN\AppData\Local\Programs\Python\Python313\Lib\concurrent\__init__.py first seen with mtime 1728322008.0
File C:\Users\ADMIN\AppData\Local\Programs\Python\Python313\Lib\email\mime\base.py first seen with mtime 1728322008.0
File C:\Users\ADMIN\my_django_project\venv\Lib\site-packages\django\core\checks\templates.py first seen with mtime 1728609279.984871
File C:\Users\ADMIN\AppData\Local\Programs\Python\Python313\Lib\email\charset.py first seen with mtime 1728322008.0
File C:\Users\ADMIN\my_django_project\venv\Lib\site-packages\django\utils\module_loading.py first seen with mtime 1728609281.5207777
File C:\Users\ADMIN\my_django_project\venv\Lib\site-packages\django\views\i18n.py first seen with mtime 1728609281.6007729
File C:\Users\ADMIN\AppData\Local\Programs\Python\Python313\Lib\json\__init__.py first seen with mtime 1728322008.0
File C:\Users\ADMIN\my_django_project\venv\Lib\site-packages\django\core\files\images.py first seen with mtime 1728609280.0018704
File C:\Users\ADMIN\AppData\Local\Programs\Python\Python313\Lib\re\_casefix.py first seen with mtime 1728322008.0
File C:\Users\ADMIN\AppData\Local\Programs\Python\Python313\Lib\email\generator.py first seen with mtime 1728322008.0
File C:\Users\ADMIN\AppData\Local\Programs\Python\Python313\Lib\email\_encoded_words.py first seen with mtime 1728322008.0
File C:\Users\ADMIN\AppData\Local\Programs\Python\Python313\Lib\concurrent\futures\thread.py first seen with mtime 1728322008.0
File C:\Users\ADMIN\my_django_project\shipping_site\shipping_site\urls.py first seen with mtime 1729502031.0044532
File C:\Users\ADMIN\AppData\Local\Programs\Python\Python313\Lib\keyword.py first seen with mtime 1728322008.0
File C:\Users\ADMIN\my_django_project\venv\Lib\site-packages\django\apps\registry.py first seen with mtime 1728609259.8740752
File C:\Users\ADMIN\AppData\Local\Programs\Python\Python313\Lib\encodings\utf_8.py first seen with mtime 1728322008.0
File C:\Users\ADMIN\my_django_project\venv\Lib\site-packages\django\utils\log.py first seen with mtime 1728609281.5187778
File C:\Users\ADMIN\my_django_project\venv\Lib\site-packages\sqlparse\engine\statement_splitter.py first seen with mtime 1728609255.74532
File C:\Users\ADMIN\AppData\Local\Programs\Python\Python313\Lib\zoneinfo\_common.py first seen with mtime 1728322008.0
File C:\Users\ADMIN\AppData\Local\Programs\Python\Python313\Lib\pprint.py first seen with mtime 1728322008.0
File C:\Users\ADMIN\my_django_project\venv\Lib\site-packages\django\template\context.py first seen with mtime 1728609281.2987921
File C:\Users\ADMIN\AppData\Local\Programs\Python\Python313\DLLs\_queue.pyd first seen with mtime 1728322046.0
File C:\Users\ADMIN\my_django_project\venv\Lib\site-packages\django\contrib\admin\widgets.py first seen with mtime 1728609262.4879165
File C:\Users\ADMIN\my_django_project\venv\Lib\site-packages\django\db\models\enums.py first seen with mtime 1728609280.8278189
File C:\Users\ADMIN\AppData\Local\Programs\Python\Python313\Lib\warnings.py first seen with mtime 1728322008.0
File C:\Users\ADMIN\my_django_project\venv\Lib\site-packages\django\contrib\admin\templatetags\admin_modify.py first seen with mtime 1728609266.5526755
File C:\Users\ADMIN\my_django_project\venv\Lib\site-packages\django\utils\safestring.py first seen with mtime 1728609281.525779
File C:\Users\ADMIN\AppData\Local\Programs\Python\Python313\Lib\ctypes\wintypes.py first seen with mtime 1728322008.0
File C:\Users\ADMIN\my_django_project\venv\Lib\site-packages\django\db\backends\sqlite3\client.py first seen with mtime 1728609280.6488314
File C:\Users\ADMIN\AppData\Local\Programs\Python\Python313\Lib\statistics.py first seen with mtime 1728322008.0
File C:\Users\ADMIN\AppData\Local\Programs\Python\Python313\Lib\enum.py first seen with mtime 1728322008.0
File C:\Users\ADMIN\my_django_project\venv\Lib\site-packages\django\contrib\staticfiles\__init__.py first seen with mtime 1728609279.8088799
File C:\Users\ADMIN\my_django_project\venv\Lib\site-packages\django\utils\__init__.py first seen with mtime 1728609281.4457834
File C:\Users\ADMIN\AppData\Local\Programs\Python\Python313\Lib\email\base64mime.py first seen with mtime 1728322008.0
File C:\Users\ADMIN\my_django_project\venv\Lib\site-packages\django\db\migrations\utils.py first seen with mtime 1728609280.7628243
File C:\Users\ADMIN\AppData\Local\Programs\Python\Python313\DLLs\_uuid.pyd first seen with mtime 1728322046.0
File C:\Users\ADMIN\AppData\Local\Programs\Python\Python313\Lib\importlib\_abc.py first seen with mtime 1728322008.0
File C:\Users\ADMIN\my_django_project\venv\Lib\site-packages\django\utils\_os.py first seen with mtime 1728609281.4467833
File C:\Users\ADMIN\my_django_project\venv\Lib\site-packages\django\core\cache\backends\base.py first seen with mtime 1728609279.8918755
File C:\Users\ADMIN\AppData\Local\Programs\Python\Python313\Lib\zoneinfo\_tzpath.py first seen with mtime 1728322008.0
File C:\Users\ADMIN\AppData\Local\Programs\Python\Python313\Lib\email\headerregistry.py first seen with mtime 1728322008.0
File C:\Users\ADMIN\my_django_project\venv\Lib\site-packages\django\utils\http.py first seen with mtime 1728609281.511778
File C:\Users\ADMIN\my_django_project\venv\Lib\site-packages\django\core\files\storage\mixins.py first seen with mtime 1728609280.0608652
File C:\Users\ADMIN\my_django_project\venv\Lib\site-packages\django\views\generic\base.py first seen with mtime 1728609281.6257722
File C:\Users\ADMIN\AppData\Local\Programs\Python\Python313\Lib\gzip.py first seen with mtime 1728322008.0
File C:\Users\ADMIN\AppData\Local\Programs\Python\Python313\Lib\graphlib.py first seen with mtime 1728322008.0
File C:\Users\ADMIN\AppData\Local\Programs\Python\Python313\Lib\tokenize.py first seen with mtime 1728322008.0
File C:\Users\ADMIN\AppData\Local\Programs\Python\Python313\Lib\asyncio\staggered.py first seen with mtime 1728322008.0
File C:\Users\ADMIN\my_django_project\venv\Lib\site-packages\django\core\__init__.py first seen with mtime 1728609279.8728776
File C:\Users\ADMIN\AppData\Local\Programs\Python\Python313\Lib\dataclasses.py first seen with mtime 1728322008.0
File C:\Users\ADMIN\my_django_project\venv\Lib\site-packages\django\core\checks\async_checks.py first seen with mtime 1728609279.97487
File C:\Users\ADMIN\my_django_project\venv\Lib\site-packages\django\template\loaders\app_directories.py first seen with mtime 1728609281.3277895
File C:\Users\ADMIN\my_django_project\venv\Lib\site-packages\django\db\migrations\exceptions.py first seen with mtime 1728609280.662829
File C:\Users\ADMIN\my_django_project\venv\Lib\site-packages\django\contrib\contenttypes\admin.py first seen with mtime 1728609269.4555008
File C:\Users\ADMIN\my_django_project\venv\Lib\site-packages\django\utils\deconstruct.py first seen with mtime 1728609281.4647822
File C:\Users\ADMIN\AppData\Local\Programs\Python\Python313\Lib\subprocess.py first seen with mtime 1728322008.0
File C:\Users\ADMIN\my_django_project\venv\Lib\site-packages\django\template\loaders\cached.py first seen with mtime 1728609281.367789
File C:\Users\ADMIN\AppData\Local\Programs\Python\Python313\Lib\urllib\response.py first seen with mtime 1728322008.0
File C:\Users\ADMIN\my_django_project\venv\Lib\site-packages\django\templatetags\tz.py first seen with mtime 1728609281.381786
File C:\Users\ADMIN\my_django_project\venv\Lib\site-packages\django\core\checks\security\__init__.py first seen with mtime 1728609279.9918706
File C:\Users\ADMIN\my_django_project\venv\Lib\site-packages\django\db\models\functions\text.py first seen with mtime 1728609280.9278142
File C:\Users\ADMIN\AppData\Local\Programs\Python\Python313\Lib\asyncio\base_subprocess.py first seen with mtime 1728322008.0
File C:\Users\ADMIN\my_django_project\venv\Lib\site-packages\django\http\__init__.py first seen with mtime 1728609281.229796
File C:\Users\ADMIN\my_django_project\venv\Lib\site-packages\sqlparse\filters\others.py first seen with mtime 1728609255.790318
File C:\Users\ADMIN\my_django_project\venv\Lib\site-packages\django\db\models\lookups.py first seen with mtime 1728609280.8328187
File C:\Users\ADMIN\my_django_project\shipping_site\shipping\templates\shipping first seen with mtime 1729501738.2399132
File C:\Users\ADMIN\my_django_project\shipping_site\shipping\templates\shipping\404.html first seen with mtime 1729502446.5308042
File C:\Users\ADMIN\my_django_project\shipping_site\shipping\templates\shipping\about.html first seen with mtime 1729501320.9488008
File C:\Users\ADMIN\my_django_project\shipping_site\shipping\templates\shipping\contact.html first seen with mtime 1729501304.4577866
File C:\Users\ADMIN\my_django_project\shipping_site\shipping\templates\shipping\dashboard.html first seen with mtime 1729260846.7601504
File C:\Users\ADMIN\my_django_project\shipping_site\shipping\templates\shipping\feature.html first seen with mtime 1729501290.3016298
File C:\Users\ADMIN\my_django_project\shipping_site\shipping\templates\shipping\index.html first seen with mtime 1729502662.7179096
File C:\Users\ADMIN\my_django_project\shipping_site\shipping\templates\shipping\price.html first seen with mtime 1729501244.2113779
File C:\Users\ADMIN\my_django_project\shipping_site\shipping\templates\shipping\qoute.html first seen with mtime 1729501229.692245
File C:\Users\ADMIN\my_django_project\shipping_site\shipping\templates\shipping\service.html first seen with mtime 1729501213.942183
File C:\Users\ADMIN\my_django_project\shipping_site\shipping\templates\shipping\team.html first seen with mtime 1729501189.1438346
File C:\Users\ADMIN\my_django_project\shipping_site\shipping\templates\shipping\testimonial.html first seen with mtime 1729501554.9198475
File C:\Users\ADMIN\AppData\Local\Programs\Python\Python313\Lib\stringprep.py first seen with mtime 1728322008.0
File C:\Users\ADMIN\my_django_project\venv\Lib\site-packages\PIL\Image.py first seen with mtime 1729260906.2433238
File C:\Users\ADMIN\my_django_project\venv\Lib\site-packages\django\contrib\sessions\backends\base.py first seen with mtime 1728609277.0970511
File C:\Users\ADMIN\my_django_project\venv\Lib\site-packages\django\contrib\sessions\backends\db.py first seen with mtime 1728609277.101042
File C:\Users\ADMIN\my_django_project\venv\Lib\site-packages\PIL\TiffTags.py first seen with mtime 1729260906.4783158
File C:\Users\ADMIN\my_django_project\venv\Lib\site-packages\django\db\migrations\recorder.py first seen with mtime 1728609280.7568247
File C:\Users\ADMIN\my_django_project\shipping_site\shipping\migrations\0001_initial.py first seen with mtime 1729257834.238266
File C:\Users\ADMIN\my_django_project\venv\Lib\site-packages\django\contrib\auth\migrations\0006_require_contenttypes_0002.py first seen with mtime 1728609269.3325088
File C:\Users\ADMIN\my_django_project\shipping_site\shipping\migrations\__init__.py first seen with mtime 1729257206.190295
File C:\Users\ADMIN\my_django_project\venv\Lib\site-packages\django\contrib\auth\migrations\0010_alter_group_name_max_length.py first seen with mtime 1728609269.3385077
File C:\Users\ADMIN\my_django_project\venv\Lib\site-packages\PIL\_binary.py first seen with mtime 1729260906.5073152
File C:\Users\ADMIN\my_django_project\venv\Lib\site-packages\django\db\migrations\graph.py first seen with mtime 1728609280.7478254
File C:\Users\ADMIN\my_django_project\venv\Lib\site-packages\PIL\_typing.py first seen with mtime 1729260906.6593115
File C:\Users\ADMIN\my_django_project\venv\Lib\site-packages\django\contrib\auth\migrations\0003_alter_user_email_max_length.py first seen with mtime 1728609269.3275082
File C:\Users\ADMIN\my_django_project\venv\Lib\site-packages\django\db\migrations\loader.py first seen with mtime 1728609280.749826
File C:\Users\ADMIN\my_django_project\venv\Lib\site-packages\PIL\_util.py first seen with mtime 1729260906.660311
File C:\Users\ADMIN\my_django_project\venv\Lib\site-packages\django\contrib\auth\migrations\0008_alter_user_username_max_length.py first seen with mtime 1728609269.3355074
File C:\Users\ADMIN\my_django_project\venv\Lib\site-packages\PIL\_imaging.cp313-win_amd64.pyd first seen with mtime 1729260906.5613136
File C:\Users\ADMIN\my_django_project\venv\Lib\site-packages\django\contrib\auth\migrations\0005_alter_user_last_login_null.py first seen with mtime 1728609269.330508
File C:\Users\ADMIN\my_django_project\venv\Lib\site-packages\PIL\__init__.py first seen with mtime 1729260906.5043163
File C:\Users\ADMIN\my_django_project\venv\Lib\site-packages\django\contrib\admin\migrations\0003_logentry_add_action_flag_choices.py first seen with mtime 1728609265.6687274
File C:\Users\ADMIN\my_django_project\venv\Lib\site-packages\PIL\ExifTags.py first seen with mtime 1729260906.168326
File C:\Users\ADMIN\my_django_project\venv\Lib\site-packages\django\contrib\admin\migrations\0001_initial.py first seen with mtime 1728609265.665727
File C:\Users\ADMIN\my_django_project\venv\Lib\site-packages\django\contrib\admin\migrations\0002_logentry_remove_auto_add.py first seen with mtime 1728609265.6667266
File C:\Users\ADMIN\my_django_project\venv\Lib\site-packages\django\contrib\auth\migrations\0004_alter_user_username_opts.py first seen with mtime 1728609269.329508
File C:\Users\ADMIN\my_django_project\venv\Lib\site-packages\django\contrib\auth\migrations\0009_alter_user_last_name_max_length.py first seen with mtime 1728609269.3365076
File C:\Users\ADMIN\my_django_project\venv\Lib\site-packages\django\contrib\admin\migrations\__init__.py first seen with mtime 1728609265.6697278
File C:\Users\ADMIN\my_django_project\venv\Lib\site-packages\PIL\_version.py first seen with mtime 1729260906.6623106
File C:\Users\ADMIN\my_django_project\venv\Lib\site-packages\django\contrib\sessions\backends\__init__.py first seen with mtime 1728609277.0960433
File C:\Users\ADMIN\my_django_project\venv\Lib\site-packages\PIL\_deprecate.py first seen with mtime 1729260906.5083148
File C:\Users\ADMIN\my_django_project\venv\Lib\site-packages\django\contrib\sessions\exceptions.py first seen with mtime 1728609277.0250478
File C:\Users\ADMIN\AppData\Local\Programs\Python\Python313\Lib\__future__.py first seen with mtime 1728322008.0
File C:\Users\ADMIN\my_django_project\venv\Lib\site-packages\django\contrib\auth\migrations\__init__.py first seen with mtime 1728609269.3965044
File C:\Users\ADMIN\my_django_project\shipping_site\shipping\migrations\0002_shippingdetail_content_shippingdetail_package_image_and_more.py first seen with mtime 1729459387.8847547
File C:\Users\ADMIN\my_django_project\venv\Lib\site-packages\django\contrib\sessions\migrations\0001_initial.py first seen with mtime 1728609278.1529799
File C:\Users\ADMIN\my_django_project\shipping_site\shipping_site\wsgi.py first seen with mtime 1729256585.232029
File C:\Users\ADMIN\my_django_project\venv\Lib\site-packages\django\contrib\contenttypes\migrations\0001_initial.py first seen with mtime 1728609270.4674401
File C:\Users\ADMIN\my_django_project\venv\Lib\site-packages\django\db\models\sql\compiler.py first seen with mtime 1728609280.9338143
File C:\Users\ADMIN\my_django_project\venv\Lib\site-packages\django\contrib\auth\migrations\0001_initial.py first seen with mtime 1728609269.3245375
File C:\Users\ADMIN\my_django_project\venv\Lib\site-packages\django\contrib\contenttypes\migrations\__init__.py first seen with mtime 1728609270.468441
File C:\Users\ADMIN\my_django_project\venv\Lib\site-packages\django\middleware\clickjacking.py first seen with mtime 1728609281.2407951
File C:\Users\ADMIN\my_django_project\venv\Lib\site-packages\django\contrib\auth\migrations\0012_alter_user_first_name_max_length.py first seen with mtime 1728609269.3955057
File C:\Users\ADMIN\my_django_project\venv\Lib\site-packages\PIL\ImageMode.py first seen with mtime 1729260906.3043213
File C:\Users\ADMIN\my_django_project\venv\Lib\site-packages\django\contrib\messages\middleware.py first seen with mtime 1728609274.7561848
File C:\Users\ADMIN\my_django_project\venv\Lib\site-packages\django\contrib\sessions\migrations\__init__.py first seen with mtime 1728609278.1539795
File C:\Users\ADMIN\my_django_project\venv\Lib\site-packages\django\contrib\auth\migrations\0007_alter_validators_add_error_messages.py first seen with mtime 1728609269.3335083
File C:\Users\ADMIN\my_django_project\venv\Lib\site-packages\django\contrib\contenttypes\migrations\0002_remove_content_type_name.py first seen with mtime 1728609270.468441
File C:\Users\ADMIN\AppData\Local\Programs\Python\Python313\Lib\encodings\idna.py first seen with mtime 1728322008.0
File C:\Users\ADMIN\my_django_project\venv\Lib\site-packages\django\contrib\auth\migrations\0002_alter_permission_name_max_length.py first seen with mtime 1728609269.326508
File C:\Users\ADMIN\my_django_project\venv\Lib\site-packages\django\contrib\auth\migrations\0011_update_proxy_permissions.py first seen with mtime 1728609269.3395078
File C:\Users\ADMIN\my_django_project\venv\Lib\site-packages\django\middleware\common.py first seen with mtime 1728609281.242795
File C:\Users\ADMIN\my_django_project\venv\Lib\site-packages\django\db\migrations\executor.py first seen with mtime 1728609280.7458265
"GET /terms.html HTTP/1.1" 500 59
File C:\Users\ADMIN\my_django_project\venv\Lib\site-packages\django\contrib\messages\storage\cookie.py first seen with mtime 1728609274.7791827
File C:\Users\ADMIN\my_django_project\venv\Lib\site-packages\django\contrib\messages\storage\fallback.py first seen with mtime 1728609274.7821832
File C:\Users\ADMIN\my_django_project\venv\Lib\site-packages\django\contrib\sessions\serializers.py first seen with mtime 1728609277.0950441
File C:\Users\ADMIN\my_django_project\venv\Lib\site-packages\django\contrib\messages\storage\session.py first seen with mtime 1728609274.7831821
File C:\Users\ADMIN\my_django_project\shipping_site\shipping_site\settings.py previous mtime: 1729503469.1338139, current mtime: 1729503503.0527897
C:\Users\ADMIN\my_django_project\shipping_site\shipping_site\settings.py notified as changed. Signal results: [(<function template_changed at 0x00000207F4D86480>, None), (<function translation_file_changed at 0x00000207F5CE3F60>, None)].
C:\Users\ADMIN\my_django_project\shipping_site\shipping_site\settings.py changed, reloading.
